Server started successfully.

Listening on port 8080.

Database connection established.

User login successful.

User logout completed.

Invalid password attempt detected.

Session token generated.

Session expired.

File uploaded successfully.

File upload failed.

Request received from 192.168.0.12.

Response sent with status 200.

Response sent with status 404.

Response sent with status 500.

Cache cleared.

Cache miss recorded.

Cache hit recorded.

Configuration loaded.

Configuration reloaded.

Environment variables verified.

Background job started.

Background job completed.

Background job failed.

Scheduled task executed.

Scheduled task skipped.

Memory usage within limits.

High memory usage detected.

CPU usage spike detected.

Disk space checked.

Disk space low warning issued.

New user registered.

Password reset requested.

Password updated successfully.

Email notification sent.

Email delivery failed.

API request received.

API response returned.

API rate limit exceeded.

Authentication token validated.

Authentication failed.

SSL certificate verified.

SSL handshake failed.

Service dependency resolved.

Service dependency timeout.

Connection closed gracefully.

Connection reset by peer.

Data migration started.

Data migration completed.

Data validation failed.

Backup process initiated.

Backup completed successfully.

Backup verification failed.

Restore process started.

Restore process completed.

Worker process spawned.

Worker process terminated.

Queue message received.

Queue message processed.

Queue processing error occurred.

Webhook triggered.

Webhook delivery confirmed.

Webhook delivery failed.

Metrics collected.

Metrics pushed to monitoring service.

Debug mode enabled.

Debug mode disabled.

Feature flag activated.

Feature flag deactivated.

Input validation passed.

Input validation failed.

Timeout threshold reached.

Retry attempt initiated.

Retry attempt succeeded.

Retry attempt failed.

Security scan started.

Security scan completed.

Unauthorized access attempt blocked.

IP address blacklisted.

IP address removed from blacklist.

Server shutting down.

Server restarted successfully.

Health check passed.

Health check failed.

Configuration file missing.

Default configuration applied.

Database query executed.

Database query timeout.

Transaction committed.

Transaction rolled back.

Resource locked.

Resource unlocked.

Service initialized.

Service unavailable.

Client disconnected unexpectedly.

New connection established.

Log rotation completed.

Log file archived.

System clock synchronized.

Permission denied error.

Operation completed successfully.